{"time":"2025-10-28 21:18:00","type":"FORM_add","product_id":2,"session_id":"pf9rdl9gf9v87u75n2cpoilc4r","user_id":null,"session_qty":0,"db_qty":0}
{"time":"2025-10-28 21:19:07","type":"FORM_add","product_id":3,"session_id":"pf9rdl9gf9v87u75n2cpoilc4r","user_id":null,"session_qty":0,"db_qty":0}
{"time":"2025-10-28 21:21:31","type":"FORM_add","product_id":3,"session_id":"pf9rdl9gf9v87u75n2cpoilc4r","user_id":null,"session_qty":0,"db_qty":0}
{"time":"2025-10-28 21:25:25","type":"FORM_add","product_id":2,"session_id":"pf9rdl9gf9v87u75n2cpoilc4r","user_id":null,"session_qty":0,"db_qty":0}
{"time":"2025-10-28 21:39:07","type":"AJAX_add","product_id":2,"session_id":"pf9rdl9gf9v87u75n2cpoilc4r","user_id":1,"session_qty":0,"db_qty":"0"}
{"time":"2025-10-28 21:39:07","type":"AJAX_response","cart_qty_sending":"1","product_id":2,"session_cart_dump":[{"id":2,"name":"Fresh Bamboo Car Diffuser","price":"299.00","quantity":1,"image":"images\/featprod2.jpg"}]}
{"time":"2025-10-28 21:39:11","type":"AJAX_add","product_id":3,"session_id":"pf9rdl9gf9v87u75n2cpoilc4r","user_id":1,"session_qty":1,"db_qty":"1"}
{"time":"2025-10-28 21:39:11","type":"AJAX_response","cart_qty_sending":"2","product_id":3,"session_cart_dump":[{"id":2,"name":"Fresh Bamboo Car Diffuser","price":"299.00","quantity":1,"image":"images\/featprod2.jpg"},{"id":3,"name":"English Lavender Car Diffuser","price":"299.00","quantity":1,"image":"images\/featprod3.jpg"}]}
{"time":"2025-10-28 21:39:13","type":"AJAX_add","product_id":8,"session_id":"pf9rdl9gf9v87u75n2cpoilc4r","user_id":1,"session_qty":2,"db_qty":"2"}
{"time":"2025-10-28 21:39:13","type":"AJAX_response","cart_qty_sending":"3","product_id":8,"session_cart_dump":[{"id":2,"name":"Fresh Bamboo Car Diffuser","price":"299.00","quantity":1,"image":"images\/featprod2.jpg"},{"id":3,"name":"English Lavender Car Diffuser","price":"299.00","quantity":1,"image":"images\/featprod3.jpg"},{"id":8,"name":"English Lavender Helmet Deodorizer","price":"199.00","quantity":1,"image":"images\/elhelmet.jpg"}]}
{"time":"2025-10-28 21:42:27","type":"AJAX_add","product_id":2,"session_id":"pf9rdl9gf9v87u75n2cpoilc4r","user_id":1,"session_qty":0,"db_qty":"0"}
{"time":"2025-10-28 21:42:27","type":"AJAX_response","cart_qty_sending":"1","product_id":2,"session_cart_dump":[{"id":2,"name":"Fresh Bamboo Car Diffuser","price":"299.00","quantity":1,"image":"images\/featprod2.jpg"}]}
{"time":"2025-10-28 21:48:19","type":"AJAX_add","product_id":3,"session_id":"pf9rdl9gf9v87u75n2cpoilc4r","user_id":1,"session_qty":0,"db_qty":"0"}
{"time":"2025-10-28 21:48:19","type":"AJAX_response","cart_qty_sending":"1","product_id":3,"session_cart_dump":[{"id":3,"name":"English Lavender Car Diffuser","price":"299.00","quantity":1,"image":"images\/featprod3.jpg"}]}
{"time":"2025-10-28 21:49:24","type":"AJAX_add","product_id":2,"session_id":"pf9rdl9gf9v87u75n2cpoilc4r","user_id":1,"session_qty":1,"db_qty":"1"}
{"time":"2025-10-28 21:49:24","type":"AJAX_response","cart_qty_sending":"2","product_id":2,"session_cart_dump":[{"id":3,"name":"English Lavender Car Diffuser","price":"299.00","quantity":1,"image":"images\/featprod3.jpg"},{"id":2,"name":"Fresh Bamboo Car Diffuser","price":"299.00","quantity":1,"image":"images\/featprod2.jpg"}]}
{"time":"2025-10-28 21:51:03","type":"AJAX_add","product_id":8,"session_id":"pf9rdl9gf9v87u75n2cpoilc4r","user_id":1,"session_qty":0,"db_qty":"0"}
{"time":"2025-10-28 21:51:03","type":"AJAX_response","cart_qty_sending":"1","product_id":8,"session_cart_dump":[{"id":8,"name":"English Lavender Helmet Deodorizer","price":"199.00","quantity":1,"image":"images\/elhelmet.jpg"}]}
{"time":"2025-10-28 22:20:23","type":"AJAX_add","product_id":2,"session_id":"n910gq8e71ud3nraihojfgoqm7","user_id":1,"session_qty":0,"db_qty":"0"}
{"time":"2025-10-28 22:23:32","type":"AJAX_add","product_id":2,"session_id":"n910gq8e71ud3nraihojfgoqm7","user_id":1,"session_qty":0,"db_qty":"0"}
{"time":"2025-10-28 22:23:43","type":"AJAX_add","product_id":2,"session_id":"n910gq8e71ud3nraihojfgoqm7","user_id":1,"session_qty":1,"db_qty":"1"}
{"time":"2025-10-28 22:25:06","type":"AJAX_add","product_id":2,"session_id":"n910gq8e71ud3nraihojfgoqm7","user_id":1,"session_qty":0,"db_qty":"0"}
{"time":"2025-10-28 22:29:38","type":"AJAX_add","product_id":2,"session_id":"n910gq8e71ud3nraihojfgoqm7","user_id":1,"session_qty":1,"db_qty":"1"}
{"time":"2025-10-28 22:32:38","type":"AJAX_add","product_id":2,"session_id":"dpb6qlqqbb1eet8odiu0a8jitk","user_id":null,"session_qty":0,"db_qty":0}
