{"time":"2025-10-28 21:18:00","type":"FORM_add","product_id":2,"session_id":"pf9rdl9gf9v87u75n2cpoilc4r","user_id":null,"session_qty":0,"db_qty":0}
{"time":"2025-10-28 21:19:07","type":"FORM_add","product_id":3,"session_id":"pf9rdl9gf9v87u75n2cpoilc4r","user_id":null,"session_qty":0,"db_qty":0}
{"time":"2025-10-28 21:21:31","type":"FORM_add","product_id":3,"session_id":"pf9rdl9gf9v87u75n2cpoilc4r","user_id":null,"session_qty":0,"db_qty":0}
{"time":"2025-10-28 21:25:25","type":"FORM_add","product_id":2,"session_id":"pf9rdl9gf9v87u75n2cpoilc4r","user_id":null,"session_qty":0,"db_qty":0}
{"time":"2025-10-28 21:39:07","type":"AJAX_add","product_id":2,"session_id":"pf9rdl9gf9v87u75n2cpoilc4r","user_id":1,"session_qty":0,"db_qty":"0"}
{"time":"2025-10-28 21:39:07","type":"AJAX_response","cart_qty_sending":"1","product_id":2,"session_cart_dump":[{"id":2,"name":"Fresh Bamboo Car Diffuser","price":"299.00","quantity":1,"image":"images\/featprod2.jpg"}]}
{"time":"2025-10-28 21:39:11","type":"AJAX_add","product_id":3,"session_id":"pf9rdl9gf9v87u75n2cpoilc4r","user_id":1,"session_qty":1,"db_qty":"1"}
{"time":"2025-10-28 21:39:11","type":"AJAX_response","cart_qty_sending":"2","product_id":3,"session_cart_dump":[{"id":2,"name":"Fresh Bamboo Car Diffuser","price":"299.00","quantity":1,"image":"images\/featprod2.jpg"},{"id":3,"name":"English Lavender Car Diffuser","price":"299.00","quantity":1,"image":"images\/featprod3.jpg"}]}
{"time":"2025-10-28 21:39:13","type":"AJAX_add","product_id":8,"session_id":"pf9rdl9gf9v87u75n2cpoilc4r","user_id":1,"session_qty":2,"db_qty":"2"}
{"time":"2025-10-28 21:39:13","type":"AJAX_response","cart_qty_sending":"3","product_id":8,"session_cart_dump":[{"id":2,"name":"Fresh Bamboo Car Diffuser","price":"299.00","quantity":1,"image":"images\/featprod2.jpg"},{"id":3,"name":"English Lavender Car Diffuser","price":"299.00","quantity":1,"image":"images\/featprod3.jpg"},{"id":8,"name":"English Lavender Helmet Deodorizer","price":"199.00","quantity":1,"image":"images\/elhelmet.jpg"}]}
{"time":"2025-10-28 21:42:27","type":"AJAX_add","product_id":2,"session_id":"pf9rdl9gf9v87u75n2cpoilc4r","user_id":1,"session_qty":0,"db_qty":"0"}
{"time":"2025-10-28 21:42:27","type":"AJAX_response","cart_qty_sending":"1","product_id":2,"session_cart_dump":[{"id":2,"name":"Fresh Bamboo Car Diffuser","price":"299.00","quantity":1,"image":"images\/featprod2.jpg"}]}
{"time":"2025-10-28 21:48:19","type":"AJAX_add","product_id":3,"session_id":"pf9rdl9gf9v87u75n2cpoilc4r","user_id":1,"session_qty":0,"db_qty":"0"}
{"time":"2025-10-28 21:48:19","type":"AJAX_response","cart_qty_sending":"1","product_id":3,"session_cart_dump":[{"id":3,"name":"English Lavender Car Diffuser","price":"299.00","quantity":1,"image":"images\/featprod3.jpg"}]}
{"time":"2025-10-28 21:49:24","type":"AJAX_add","product_id":2,"session_id":"pf9rdl9gf9v87u75n2cpoilc4r","user_id":1,"session_qty":1,"db_qty":"1"}
{"time":"2025-10-28 21:49:24","type":"AJAX_response","cart_qty_sending":"2","product_id":2,"session_cart_dump":[{"id":3,"name":"English Lavender Car Diffuser","price":"299.00","quantity":1,"image":"images\/featprod3.jpg"},{"id":2,"name":"Fresh Bamboo Car Diffuser","price":"299.00","quantity":1,"image":"images\/featprod2.jpg"}]}
{"time":"2025-10-28 21:51:03","type":"AJAX_add","product_id":8,"session_id":"pf9rdl9gf9v87u75n2cpoilc4r","user_id":1,"session_qty":0,"db_qty":"0"}
{"time":"2025-10-28 21:51:03","type":"AJAX_response","cart_qty_sending":"1","product_id":8,"session_cart_dump":[{"id":8,"name":"English Lavender Helmet Deodorizer","price":"199.00","quantity":1,"image":"images\/elhelmet.jpg"}]}
{"time":"2025-10-28 22:20:23","type":"AJAX_add","product_id":2,"session_id":"n910gq8e71ud3nraihojfgoqm7","user_id":1,"session_qty":0,"db_qty":"0"}
{"time":"2025-10-28 22:23:32","type":"AJAX_add","product_id":2,"session_id":"n910gq8e71ud3nraihojfgoqm7","user_id":1,"session_qty":0,"db_qty":"0"}
{"time":"2025-10-28 22:23:43","type":"AJAX_add","product_id":2,"session_id":"n910gq8e71ud3nraihojfgoqm7","user_id":1,"session_qty":1,"db_qty":"1"}
{"time":"2025-10-28 22:25:06","type":"AJAX_add","product_id":2,"session_id":"n910gq8e71ud3nraihojfgoqm7","user_id":1,"session_qty":0,"db_qty":"0"}
{"time":"2025-10-28 22:29:38","type":"AJAX_add","product_id":2,"session_id":"n910gq8e71ud3nraihojfgoqm7","user_id":1,"session_qty":1,"db_qty":"1"}
{"time":"2025-10-28 22:32:38","type":"AJAX_add","product_id":2,"session_id":"dpb6qlqqbb1eet8odiu0a8jitk","user_id":null,"session_qty":0,"db_qty":0}
{"time":"2025-10-28 22:43:46","type":"AJAX_add","product_id":3,"session_id":"dpb6qlqqbb1eet8odiu0a8jitk","user_id":null,"session_qty":0,"db_qty":0}
{"time":"2025-10-28 22:43:55","type":"AJAX_add","product_id":10,"session_id":"dpb6qlqqbb1eet8odiu0a8jitk","user_id":null,"session_qty":1,"db_qty":0}
{"time":"2025-10-29 06:40:06","type":"AJAX_add","product_id":2,"session_id":"dpb6qlqqbb1eet8odiu0a8jitk","user_id":1,"session_qty":0,"db_qty":"0"}
{"time":"2025-10-29 06:40:14","type":"AJAX_add","product_id":1,"session_id":"dpb6qlqqbb1eet8odiu0a8jitk","user_id":1,"session_qty":1,"db_qty":"1"}
{"time":"2025-10-29 07:06:46","type":"AJAX_add","product_id":2,"session_id":"dpb6qlqqbb1eet8odiu0a8jitk","user_id":1,"session_qty":1,"db_qty":"1"}
{"time":"2025-10-29 07:06:58","type":"AJAX_add","product_id":10,"session_id":"dpb6qlqqbb1eet8odiu0a8jitk","user_id":1,"session_qty":2,"db_qty":"2"}
{"time":"2025-10-29 07:15:39","type":"AJAX_add","product_id":2,"session_id":"dpb6qlqqbb1eet8odiu0a8jitk","user_id":1,"session_qty":3,"db_qty":"3"}
{"time":"2025-10-29 07:16:03","type":"AJAX_add","product_id":3,"session_id":"dpb6qlqqbb1eet8odiu0a8jitk","user_id":1,"session_qty":4,"db_qty":"4"}
{"time":"2025-10-29 07:16:42","type":"AJAX_add","product_id":2,"session_id":"dpb6qlqqbb1eet8odiu0a8jitk","user_id":1,"session_qty":5,"db_qty":"5"}
{"time":"2025-10-29 07:17:01","type":"AJAX_add","product_id":1,"session_id":"dpb6qlqqbb1eet8odiu0a8jitk","user_id":1,"session_qty":6,"db_qty":"6"}
{"time":"2025-10-29 07:23:29","type":"AJAX_add","product_id":3,"session_id":"dpb6qlqqbb1eet8odiu0a8jitk","user_id":1,"session_qty":7,"db_qty":"7"}
{"time":"2025-10-29 07:24:01","type":"AJAX_add","product_id":3,"session_id":"dpb6qlqqbb1eet8odiu0a8jitk","user_id":1,"session_qty":8,"db_qty":"8"}
{"time":"2025-10-29 07:30:57","type":"AJAX_add","product_id":1,"session_id":"dpb6qlqqbb1eet8odiu0a8jitk","user_id":1,"session_qty":6,"db_qty":"6"}
{"time":"2025-10-29 07:39:40","type":"AJAX_add","product_id":8,"session_id":"9bqn89cm9hr0feev843bb6uf4f","user_id":1,"session_qty":4,"db_qty":"4"}
{"time":"2025-10-29 07:40:57","type":"AJAX_add","product_id":3,"session_id":"9bqn89cm9hr0feev843bb6uf4f","user_id":1,"session_qty":3,"db_qty":"3"}
{"time":"2025-10-29 07:41:03","type":"AJAX_add","product_id":2,"session_id":"9bqn89cm9hr0feev843bb6uf4f","user_id":1,"session_qty":4,"db_qty":"4"}
{"time":"2025-10-29 07:43:05","type":"AJAX_add","product_id":3,"session_id":"9bqn89cm9hr0feev843bb6uf4f","user_id":1,"session_qty":2,"db_qty":"2"}
{"time":"2025-10-29 07:43:10","type":"AJAX_add","product_id":8,"session_id":"9bqn89cm9hr0feev843bb6uf4f","user_id":1,"session_qty":3,"db_qty":"3"}
{"time":"2025-10-29 07:44:39","type":"AJAX_add","product_id":2,"session_id":"9bqn89cm9hr0feev843bb6uf4f","user_id":1,"session_qty":5,"db_qty":"5"}
{"time":"2025-10-29 07:51:14","type":"AJAX_add","product_id":2,"session_id":"9bqn89cm9hr0feev843bb6uf4f","user_id":1,"session_qty":2,"db_qty":"2"}
{"time":"2025-10-29 07:51:18","type":"AJAX_add","product_id":8,"session_id":"9bqn89cm9hr0feev843bb6uf4f","user_id":1,"session_qty":3,"db_qty":"3"}
{"time":"2025-10-29 08:00:52","type":"AJAX_add","product_id":3,"session_id":"9bqn89cm9hr0feev843bb6uf4f","user_id":1,"session_qty":4,"db_qty":"4"}
{"time":"2025-10-29 08:02:06","type":"AJAX_add","product_id":8,"session_id":"9bqn89cm9hr0feev843bb6uf4f","user_id":1,"session_qty":4,"db_qty":"4"}
{"time":"2025-10-29 08:04:10","type":"AJAX_add","product_id":2,"session_id":"9bqn89cm9hr0feev843bb6uf4f","user_id":1,"session_qty":3,"db_qty":"3"}
{"time":"2025-10-29 08:04:16","type":"AJAX_add","product_id":1,"session_id":"9bqn89cm9hr0feev843bb6uf4f","user_id":1,"session_qty":4,"db_qty":"4"}
{"time":"2025-10-29 08:04:23","type":"AJAX_add","product_id":1,"session_id":"9bqn89cm9hr0feev843bb6uf4f","user_id":1,"session_qty":5,"db_qty":"5"}
{"time":"2025-10-29 08:04:25","type":"AJAX_add","product_id":2,"session_id":"9bqn89cm9hr0feev843bb6uf4f","user_id":1,"session_qty":6,"db_qty":"6"}
{"time":"2025-10-29 08:04:32","type":"AJAX_add","product_id":10,"session_id":"9bqn89cm9hr0feev843bb6uf4f","user_id":1,"session_qty":7,"db_qty":"7"}
{"time":"2025-10-29 08:05:40","type":"AJAX_add","product_id":2,"session_id":"9bqn89cm9hr0feev843bb6uf4f","user_id":1,"session_qty":7,"db_qty":"7"}
{"time":"2025-10-29 08:09:55","type":"AJAX_add","product_id":8,"session_id":"9bqn89cm9hr0feev843bb6uf4f","user_id":1,"session_qty":8,"db_qty":"8"}
{"time":"2025-10-29 08:10:38","type":"AJAX_add","product_id":10,"session_id":"9bqn89cm9hr0feev843bb6uf4f","user_id":1,"session_qty":8,"db_qty":"8"}
{"time":"2025-10-29 08:10:53","type":"AJAX_add","product_id":10,"session_id":"9bqn89cm9hr0feev843bb6uf4f","user_id":1,"session_qty":8,"db_qty":"8"}
{"time":"2025-10-29 08:11:05","type":"AJAX_add","product_id":10,"session_id":"9bqn89cm9hr0feev843bb6uf4f","user_id":1,"session_qty":8,"db_qty":"8"}
{"time":"2025-10-29 08:11:20","type":"AJAX_add","product_id":2,"session_id":"9bqn89cm9hr0feev843bb6uf4f","user_id":1,"session_qty":8,"db_qty":"8"}
{"time":"2025-10-29 08:11:24","type":"AJAX_add","product_id":8,"session_id":"9bqn89cm9hr0feev843bb6uf4f","user_id":1,"session_qty":9,"db_qty":"9"}
{"time":"2025-10-29 08:16:08","type":"AJAX_add","product_id":8,"session_id":"9bqn89cm9hr0feev843bb6uf4f","user_id":1,"session_qty":9,"db_qty":"9"}
{"time":"2025-10-29 08:16:37","type":"AJAX_add","product_id":8,"session_id":"9bqn89cm9hr0feev843bb6uf4f","user_id":1,"session_qty":9,"db_qty":"9"}
{"time":"2025-10-29 08:16:59","type":"AJAX_add","product_id":10,"session_id":"9bqn89cm9hr0feev843bb6uf4f","user_id":1,"session_qty":9,"db_qty":"9"}
{"time":"2025-10-29 08:18:19","type":"AJAX_add","product_id":10,"session_id":"9bqn89cm9hr0feev843bb6uf4f","user_id":1,"session_qty":9,"db_qty":"9"}
{"time":"2025-10-29 08:46:41","type":"AJAX_add","product_id":2,"session_id":"9bqn89cm9hr0feev843bb6uf4f","user_id":1,"session_qty":0,"db_qty":"0"}
{"time":"2025-10-29 08:46:45","type":"AJAX_add","product_id":3,"session_id":"9bqn89cm9hr0feev843bb6uf4f","user_id":1,"session_qty":1,"db_qty":"1"}
{"time":"2025-10-29 09:11:55","type":"AJAX_add","product_id":2,"session_id":"bkq284o26sdb4r6fqo9tkmvgod","user_id":1,"session_qty":1,"db_qty":"1"}
{"time":"2025-10-29 09:26:38","type":"AJAX_add","product_id":3,"session_id":"9bqn89cm9hr0feev843bb6uf4f","user_id":1,"session_qty":1,"db_qty":"1"}
{"time":"2025-10-29 09:26:44","type":"AJAX_add","product_id":2,"session_id":"9bqn89cm9hr0feev843bb6uf4f","user_id":1,"session_qty":2,"db_qty":"2"}
{"time":"2025-10-31 10:07:52","type":"AJAX_add","product_id":2,"session_id":"b3nfoaal7n8v70r8007vuhrpiq","user_id":null,"session_qty":0,"db_qty":0}
